#
# There is insufficient memory for the Java Runtime Environment to continue.
# Native memory allocation (malloc) failed to allocate 65552 bytes for Chunk::new
# Possible reasons:
#   The system is out of physical RAM or swap space
#   In 32 bit mode, the process size limit was hit
# Possible solutions:
#   Reduce memory load on the system
#   Increase physical memory or swap space
#   Check if swap backing store is full
#   Use 64 bit Java on a 64 bit OS
#   Decrease Java heap size (-Xmx/-Xms)
#   Decrease number of Java threads
#   Decrease Java thread stack sizes (-Xss)
#   Set larger code cache with -XX:ReservedCodeCacheSize=
# This output file may be truncated or incomplete.
#
#  Out of Memory Error (allocation.cpp:390), pid=18032, tid=0x0000000000005da4
#
# JRE version: Java(TM) SE Runtime Environment (8.0_191-b12) (build 1.8.0_191-b12)
# Java VM: Java HotSpot(TM) 64-Bit Server VM (25.191-b12 mixed mode windows-amd64 compressed oops)
# Failed to write core dump. Minidumps are not enabled by default on client versions of Windows
#

---------------  T H R E A D  ---------------

Current thread (0x000000001374c000):  JavaThread "C2 CompilerThread1" daemon [_thread_in_native, id=23972, stack(0x0000000014fa0000,0x00000000150a0000)]

Stack: [0x0000000014fa0000,0x00000000150a0000]
[error occurred during error reporting (printing stack bounds), id 0xc0000005]

Native frames: (J=compiled Java code, j=interpreted, Vv=VM code, C=native code)


Current CompileTask:
C2: 150229 18067 %     4       org.objectweb.asm.ClassReader::readCode @ 649 (3575 bytes)


---------------  P R O C E S S  ---------------

Java Threads: ( => current thread )
  0x0000000017aa5000 JavaThread "WorkerExecutor Queue Thread 4" [_thread_blocked, id=18808, stack(0x0000000023730000,0x0000000023830000)]
  0x0000000017aa3800 JavaThread "WorkerExecutor Queue Thread 2" [_thread_blocked, id=22164, stack(0x0000000023530000,0x0000000023630000)]
  0x00000000174bb000 JavaThread "WorkerExecutor Queue" [_thread_blocked, id=30744, stack(0x0000000022210000,0x0000000022310000)]
  0x0000000019835000 JavaThread "Cache worker for execution history cache (D:\Fudex\projects\FoodApp\android\.gradle\6.2\executionHistory)" [_thread_blocked, id=6432, stack(0x0000000021f10000,0x0000000022010000)]
  0x0000000019834000 JavaThread "Execution worker for ':' Thread 3" [_thread_blocked, id=19524, stack(0x0000000020bd0000,0x0000000020cd0000)]
  0x0000000019838000 JavaThread "Execution worker for ':' Thread 2" [_thread_blocked, id=27724, stack(0x000000001fc30000,0x000000001fd30000)]
  0x0000000019833800 JavaThread "Execution worker for ':'" [_thread_in_native, id=16540, stack(0x0000000014ba0000,0x0000000014ca0000)]
  0x0000000019832800 JavaThread "Cache worker for file content cache (D:\Fudex\projects\FoodApp\android\.gradle\6.2\fileContent)" [_thread_blocked, id=10260, stack(0x0000000000700000,0x0000000000800000)]
  0x000000001982b000 JavaThread "Cache worker for file content cache (C:\Users\Mohamad\.gradle\caches\6.2\fileContent)" [_thread_blocked, id=13612, stack(0x00000000005e0000,0x00000000006e0000)]
  0x0000000019831000 JavaThread "Memory manager" [_thread_blocked, id=22776, stack(0x0000000020da0000,0x0000000020ea0000)]
  0x0000000019829800 JavaThread "Cache worker for Build Output Cleanup Cache (D:\Fudex\projects\FoodApp\android\.gradle\buildOutputCleanup)" [_thread_blocked, id=32364, stack(0x000000001fb30000,0x000000001fc30000)]
  0x0000000019830800 JavaThread "pool-1-thread-1" [_thread_blocked, id=16212, stack(0x000000001f830000,0x000000001f930000)]
  0x000000001982f800 JavaThread "Build operations Thread 4" [_thread_blocked, id=20872, stack(0x000000001e310000,0x000000001e410000)]
  0x0000000019829000 JavaThread "Build operations Thread 3" [_thread_blocked, id=13204, stack(0x000000001e210000,0x000000001e310000)]
  0x000000001982f000 JavaThread "Build operations Thread 2" [_thread_blocked, id=34164, stack(0x000000001e110000,0x000000001e210000)]
  0x000000001982e000 JavaThread "Build operations" [_thread_blocked, id=19028, stack(0x000000001e010000,0x000000001e110000)]
  0x000000001982c000 JavaThread "File lock release action executor" [_thread_blocked, id=1548, stack(0x000000001d6f0000,0x000000001d7f0000)]
  0x00000000174bc000 JavaThread "Cache worker for execution history cache (C:\Users\Mohamad\.gradle\caches\6.2\executionHistory)" [_thread_blocked, id=3024, stack(0x000000001c1f0000,0x000000001c2f0000)]
  0x00000000174bc800 JavaThread "Cache worker for cache directory md-rule (C:\Users\Mohamad\.gradle\caches\6.2\md-rule)" [_thread_blocked, id=14972, stack(0x000000001c0f0000,0x000000001c1f0000)]
  0x00000000174bd800 JavaThread "Cache worker for cache directory md-supplier (C:\Users\Mohamad\.gradle\caches\6.2\md-supplier)" [_thread_blocked, id=30292, stack(0x000000001b960000,0x000000001ba60000)]
  0x00000000174ba800 JavaThread "Cache worker for file hash cache (D:\Fudex\projects\FoodApp\android\.gradle\6.2\fileHashes)" [_thread_blocked, id=11144, stack(0x000000001b860000,0x000000001b960000)]
  0x00000000174b9800 JavaThread "Cache worker for checksums cache (D:\Fudex\projects\FoodApp\android\.gradle\checksums)" [_thread_blocked, id=21544, stack(0x000000001b760000,0x000000001b860000)]
  0x00000000174b9000 JavaThread "Cache worker for file hash cache (C:\Users\Mohamad\.gradle\caches\6.2\fileHashes)" [_thread_blocked, id=31952, stack(0x00000000195c0000,0x00000000196c0000)]
  0x00000000174b8000 JavaThread "File lock request listener" [_thread_in_native, id=25956, stack(0x00000000194c0000,0x00000000195c0000)]
  0x00000000174bf000 JavaThread "Cache worker for journal cache (C:\Users\Mohamad\.gradle\caches\journal-1)" [_thread_blocked, id=4564, stack(0x00000000193c0000,0x00000000194c0000)]
  0x00000000173d6000 JavaThread "Thread-9" [_thread_blocked, id=24236, stack(0x00000000190c0000,0x00000000191c0000)]
  0x00000000173d4800 JavaThread "Stdin handler" [_thread_blocked, id=29676, stack(0x0000000018fc0000,0x00000000190c0000)]
  0x00000000173cf000 JavaThread "Asynchronous log dispatcher for DefaultDaemonConnection: socket connection from /127.0.0.1:56386 to /127.0.0.1:56387" [_thread_blocked, id=8452, stack(0x0000000018ec0000,0x0000000018fc0000)]
  0x0000000017378800 JavaThread "Daemon worker" [_thread_blocked, id=7240, stack(0x0000000018dc0000,0x0000000018ec0000)]
  0x0000000017373800 JavaThread "Cancel handler" [_thread_blocked, id=23336, stack(0x0000000018cc0000,0x0000000018dc0000)]
  0x0000000017372800 JavaThread "Handler for socket connection from /127.0.0.1:56386 to /127.0.0.1:56387" [_thread_in_native, id=20996, stack(0x00000000189c0000,0x0000000018ac0000)]
  0x000000001736f000 JavaThread "Daemon" [_thread_blocked, id=20028, stack(0x00000000188c0000,0x00000000189c0000)]
  0x000000001737f800 JavaThread "Daemon periodic checks" [_thread_blocked, id=19604, stack(0x00000000187c0000,0x00000000188c0000)]
  0x0000000017333000 JavaThread "Incoming local TCP Connector on port 56386" [_thread_in_native, id=7900, stack(0x0000000018580000,0x0000000018680000)]
  0x0000000017299000 JavaThread "Daemon health stats" [_thread_blocked, id=32228, stack(0x0000000017f40000,0x0000000018040000)]
  0x0000000015134800 JavaThread "Service Thread" daemon [_thread_blocked, id=27788, stack(0x00000000155a0000,0x00000000156a0000)]
  0x0000000013799800 JavaThread "C1 CompilerThread2" daemon [_thread_blocked, id=30376, stack(0x00000000154a0000,0x00000000155a0000)]
=>0x000000001374c000 JavaThread "C2 CompilerThread1" daemon [_thread_in_native, id=23972, stack(0x0000000014fa0000,0x00000000150a0000)]
  0x0000000013748000 JavaThread "C2 CompilerThread0" daemon [_thread_in_native, id=7072, stack(0x0000000014ea0000,0x0000000014fa0000)]
  0x0000000013796000 JavaThread "Attach Listener" daemon [_thread_blocked, id=6092, stack(0x0000000014da0000,0x0000000014ea0000)]
  0x0000000013795800 JavaThread "Signal Dispatcher" daemon [_thread_blocked, id=31100, stack(0x0000000014ca0000,0x0000000014da0000)]
  0x00000000023cc800 JavaThread "Finalizer" daemon [_thread_blocked, id=3584, stack(0x00000000149a0000,0x0000000014aa0000)]
  0x000000001372a000 JavaThread "Reference Handler" daemon [_thread_blocked, id=26908, stack(0x00000000148a0000,0x00000000149a0000)]
  0x00000000022d2800 JavaThread "main" [_thread_blocked, id=10376, stack(0x00000000021d0000,0x00000000022d0000)]

Other Threads:
  0x0000000013708000 VMThread [stack: 0x00000000147a0000,0x00000000148a0000] [id=32452]
  0x0000000015145800 WatcherThread [stack: 0x00000000156a0000,0x00000000157a0000] [id=23388]

VM state:not at safepoint (normal execution)

VM Mutex/Monitor currently owned by a thread: None

Heap:
 PSYoungGen      total 123392K, used 58823K [0x00000000f5580000, 0x0000000100000000, 0x0000000100000000)
  eden space 75776K, 32% used [0x00000000f5580000,0x00000000f6d893d0,0x00000000f9f80000)
  from space 47616K, 71% used [0x00000000f9f80000,0x00000000fc0e8c08,0x00000000fce00000)
  to   space 48640K, 0% used [0x00000000fd080000,0x00000000fd080000,0x0000000100000000)
 ParOldGen       total 349696K, used 246100K [0x00000000e0000000, 0x00000000f5580000, 0x00000000f5580000)
  object space 349696K, 70% used [0x00000000e0000000,0x00000000ef055170,0x00000000f5580000)
 Metaspace       used 110877K, capacity 118859K, committed 119040K, reserved 1150976K
  class space    used 15211K, capacity 17082K, committed 17152K, reserved 1048576K

Card table byte_map: [0x0000000011790000,0x00000000118a0000] byte_map_base: 0x0000000011090000

Marking Bits: (ParMarkBitMap*) 0x0000000056f63e30
 Begin Bits: [0x0000000011ca0000, 0x00000000124a0000)
 End Bits:   [0x00000000124a0000, 0x0000000012ca0000)

Polling page: 0x00000000008b0000

CodeCache: size=245760Kb used=49017Kb max_used=49027Kb free=196742Kb
 bounds [0x00000000023d0000, 0x00000000053f0000, 0x00000000113d0000]
 total_blobs=15669 nmethods=14780 adapters=799
 compilation: enabled

Compilation events (10 events):
Event: 148.170 Thread 0x0000000013799800 18115       3       com.android.tools.lint.detector.api.ClassContext::<init> (96 bytes)
Event: 148.171 Thread 0x0000000013799800 nmethod 18115 0x00000000053e0d90 code [0x00000000053e0fa0, 0x00000000053e1788]
Event: 148.171 Thread 0x0000000013799800 18116       3       com.android.tools.lint.checks.MissingClassDetector::checkClass (332 bytes)
Event: 148.175 Thread 0x0000000013799800 nmethod 18116 0x00000000053e4110 code [0x00000000053e46c0, 0x00000000053e8518]
Event: 148.175 Thread 0x0000000013799800 18117       3       com.android.tools.lint.detector.api.ClassContext::getSourceContents (16 bytes)
Event: 148.175 Thread 0x0000000013799800 nmethod 18117 0x00000000053e0910 code [0x00000000053e0a80, 0x00000000053e0ce8]
Event: 148.180 Thread 0x0000000013748000 nmethod 18110 0x00000000053ee050 code [0x00000000053ee1c0, 0x00000000053ee9d8]
Event: 148.180 Thread 0x0000000013748000 18118 %     4       org.objectweb.asm.ClassReader::<init> @ 72 (257 bytes)
Event: 148.201 Thread 0x0000000013748000 nmethod 18118% 0x00000000053ec6d0 code [0x00000000053eca60, 0x00000000053ecf78]
Event: 148.201 Thread 0x0000000013748000 18119       4       org.objectweb.asm.ClassReader::readField (664 bytes)

GC Heap History (10 events):
Event: 133.643 GC heap before
{Heap before GC invocations=37 (full 4):
 PSYoungGen      total 122880K, used 111088K [0x00000000f5580000, 0x0000000100000000, 0x0000000100000000)
  eden space 78336K, 100% used [0x00000000f5580000,0x00000000fa200000,0x00000000fa200000)
  from space 44544K, 73% used [0x00000000fd480000,0x00000000ff47c258,0x0000000100000000)
  to   space 48128K, 0% used [0x00000000fa200000,0x00000000fa200000,0x00000000fd100000)
 ParOldGen       total 349696K, used 203567K [0x00000000e0000000, 0x00000000f5580000, 0x00000000f5580000)
  object space 349696K, 58% used [0x00000000e0000000,0x00000000ec6cbe70,0x00000000f5580000)
 Metaspace       used 82612K, capacity 90176K, committed 90496K, reserved 1126400K
  class space    used 11376K, capacity 13119K, committed 13184K, reserved 1048576K
Event: 133.703 GC heap after
Heap after GC invocations=37 (full 4):
 PSYoungGen      total 111616K, used 32976K [0x00000000f5580000, 0x0000000100000000, 0x0000000100000000)
  eden space 78336K, 0% used [0x00000000f5580000,0x00000000f5580000,0x00000000fa200000)
  from space 33280K, 99% used [0x00000000fa200000,0x00000000fc234248,0x00000000fc280000)
  to   space 49664K, 0% used [0x00000000fcf80000,0x00000000fcf80000,0x0000000100000000)
 ParOldGen       total 349696K, used 208959K [0x00000000e0000000, 0x00000000f5580000, 0x00000000f5580000)
  object space 349696K, 59% used [0x00000000e0000000,0x00000000ecc0fe80,0x00000000f5580000)
 Metaspace       used 82612K, capacity 90176K, committed 90496K, reserved 1126400K
  class space    used 11376K, capacity 13119K, committed 13184K, reserved 1048576K
}
Event: 135.136 GC heap before
{Heap before GC invocations=38 (full 4):
 PSYoungGen      total 111616K, used 111312K [0x00000000f5580000, 0x0000000100000000, 0x0000000100000000)
  eden space 78336K, 100% used [0x00000000f5580000,0x00000000fa200000,0x00000000fa200000)
  from space 33280K, 99% used [0x00000000fa200000,0x00000000fc234248,0x00000000fc280000)
  to   space 49664K, 0% used [0x00000000fcf80000,0x00000000fcf80000,0x0000000100000000)
 ParOldGen       total 349696K, used 208959K [0x00000000e0000000, 0x00000000f5580000, 0x00000000f5580000)
  object space 349696K, 59% used [0x00000000e0000000,0x00000000ecc0fe80,0x00000000f5580000)
 Metaspace       used 82706K, capacity 90240K, committed 90496K, reserved 1126400K
  class space    used 11377K, capacity 13119K, committed 13184K, reserved 1048576K
Event: 135.189 GC heap after
Heap after GC invocations=38 (full 4):
 PSYoungGen      total 123904K, used 33312K [0x00000000f5580000, 0x0000000100000000, 0x0000000100000000)
  eden space 74240K, 0% used [0x00000000f5580000,0x00000000f5580000,0x00000000f9e00000)
  from space 49664K, 67% used [0x00000000fcf80000,0x00000000ff008000,0x0000000100000000)
  to   space 50176K, 0% used [0x00000000f9e00000,0x00000000f9e00000,0x00000000fcf00000)
 ParOldGen       total 349696K, used 215100K [0x00000000e0000000, 0x00000000f5580000, 0x00000000f5580000)
  object space 349696K, 61% used [0x00000000e0000000,0x00000000ed20f278,0x00000000f5580000)
 Metaspace       used 82706K, capacity 90240K, committed 90496K, reserved 1126400K
  class space    used 11377K, capacity 13119K, committed 13184K, reserved 1048576K
}
Event: 138.697 GC heap before
{Heap before GC invocations=39 (full 4):
 PSYoungGen      total 123904K, used 107552K [0x00000000f5580000, 0x0000000100000000, 0x0000000100000000)
  eden space 74240K, 100% used [0x00000000f5580000,0x00000000f9e00000,0x00000000f9e00000)
  from space 49664K, 67% used [0x00000000fcf80000,0x00000000ff008000,0x0000000100000000)
  to   space 50176K, 0% used [0x00000000f9e00000,0x00000000f9e00000,0x00000000fcf00000)
 ParOldGen       total 349696K, used 215100K [0x00000000e0000000, 0x00000000f5580000, 0x00000000f5580000)
  object space 349696K, 61% used [0x00000000e0000000,0x00000000ed20f278,0x00000000f5580000)
 Metaspace       used 88582K, capacity 96220K, committed 96640K, reserved 1132544K
  class space    used 12059K, capacity 13835K, committed 13952K, reserved 1048576K
Event: 138.729 GC heap after
Heap after GC invocations=39 (full 4):
 PSYoungGen      total 102400K, used 28051K [0x00000000f5580000, 0x00000000ffd80000, 0x0000000100000000)
  eden space 74240K, 0% used [0x00000000f5580000,0x00000000f5580000,0x00000000f9e00000)
  from space 28160K, 99% used [0x00000000f9e00000,0x00000000fb964c30,0x00000000fb980000)
  to   space 48640K, 0% used [0x00000000fce00000,0x00000000fce00000,0x00000000ffd80000)
 ParOldGen       total 349696K, used 228026K [0x00000000e0000000, 0x00000000f5580000, 0x00000000f5580000)
  object space 349696K, 65% used [0x00000000e0000000,0x00000000edeae950,0x00000000f5580000)
 Metaspace       used 88582K, capacity 96220K, committed 96640K, reserved 1132544K
  class space    used 12059K, capacity 13835K, committed 13952K, reserved 1048576K
}
Event: 142.597 GC heap before
{Heap before GC invocations=40 (full 4):
 PSYoungGen      total 102400K, used 102291K [0x00000000f5580000, 0x00000000ffd80000, 0x0000000100000000)
  eden space 74240K, 100% used [0x00000000f5580000,0x00000000f9e00000,0x00000000f9e00000)
  from space 28160K, 99% used [0x00000000f9e00000,0x00000000fb964c30,0x00000000fb980000)
  to   space 48640K, 0% used [0x00000000fce00000,0x00000000fce00000,0x00000000ffd80000)
 ParOldGen       total 349696K, used 228026K [0x00000000e0000000, 0x00000000f5580000, 0x00000000f5580000)
  object space 349696K, 65% used [0x00000000e0000000,0x00000000edeae950,0x00000000f5580000)
 Metaspace       used 96796K, capacity 104501K, committed 104832K, reserved 1138688K
  class space    used 13093K, capacity 14865K, committed 14976K, reserved 1048576K
Event: 142.655 GC heap after
Heap after GC invocations=40 (full 4):
 PSYoungGen      total 124416K, used 28042K [0x00000000f5580000, 0x0000000100000000, 0x0000000100000000)
  eden space 75776K, 0% used [0x00000000f5580000,0x00000000f5580000,0x00000000f9f80000)
  from space 48640K, 57% used [0x00000000fce00000,0x00000000fe962a00,0x00000000ffd80000)
  to   space 47616K, 0% used [0x00000000f9f80000,0x00000000f9f80000,0x00000000fce00000)
 ParOldGen       total 349696K, used 239846K [0x00000000e0000000, 0x00000000f5580000, 0x00000000f5580000)
  object space 349696K, 68% used [0x00000000e0000000,0x00000000eea399b8,0x00000000f5580000)
 Metaspace       used 96796K, capacity 104501K, committed 104832K, reserved 1138688K
  class space    used 13093K, capacity 14865K, committed 14976K, reserved 1048576K
}
Event: 148.110 GC heap before
{Heap before GC invocations=41 (full 4):
 PSYoungGen      total 124416K, used 103818K [0x00000000f5580000, 0x0000000100000000, 0x0000000100000000)
  eden space 75776K, 100% used [0x00000000f5580000,0x00000000f9f80000,0x00000000f9f80000)
  from space 48640K, 57% used [0x00000000fce00000,0x00000000fe962a00,0x00000000ffd80000)
  to   space 47616K, 0% used [0x00000000f9f80000,0x00000000f9f80000,0x00000000fce00000)
 ParOldGen       total 349696K, used 239846K [0x00000000e0000000, 0x00000000f5580000, 0x00000000f5580000)
  object space 349696K, 68% used [0x00000000e0000000,0x00000000eea399b8,0x00000000f5580000)
 Metaspace       used 110845K, capacity 118859K, committed 119040K, reserved 1150976K
  class space    used 15210K, capacity 17082K, committed 17152K, reserved 1048576K
Event: 148.148 GC heap after
Heap after GC invocations=41 (full 4):
 PSYoungGen      total 123392K, used 34211K [0x00000000f5580000, 0x0000000100000000, 0x0000000100000000)
  eden space 75776K, 0% used [0x00000000f5580000,0x00000000f5580000,0x00000000f9f80000)
  from space 47616K, 71% used [0x00000000f9f80000,0x00000000fc0e8c08,0x00000000fce00000)
  to   space 48640K, 0% used [0x00000000fd080000,0x00000000fd080000,0x0000000100000000)
 ParOldGen       total 349696K, used 246100K [0x00000000e0000000, 0x00000000f5580000, 0x00000000f5580000)
  object space 349696K, 70% used [0x00000000e0000000,0x00000000ef055170,0x00000000f5580000)
 Metaspace       used 110845K, capacity 118859K, committed 119040K, reserved 1150976K
  class space    used 15210K, capacity 17082K, committed 17152K, reserved 1048576K
}

Deoptimization events (10 events):
Event: 144.267 Thread 0x0000000019833800 Uncommon trap: reason=class_check action=maybe_recompile pc=0x00000000050b7a74 method=gnu.trove.TObjectHash.equals(Ljava/lang/Object;Ljava/lang/Object;)Z @ 6
Event: 144.412 Thread 0x0000000019833800 Uncommon trap: reason=unstable_if action=reinterpret pc=0x00000000050780b0 method=java.util.Properties$LineReader.readLine()I @ 440
Event: 144.413 Thread 0x0000000019833800 Uncommon trap: reason=unstable_if action=reinterpret pc=0x0000000002aeec1c method=java.util.Properties$LineReader.readLine()I @ 440
Event: 144.485 Thread 0x0000000019833800 Uncommon trap: reason=class_check action=maybe_recompile pc=0x00000000050a6ee8 method=com.intellij.util.text.ByteArrayCharSequence.toBytesIfPossible(Ljava/lang/CharSequence;)[B @ 16
Event: 145.063 Thread 0x0000000019833800 Uncommon trap: reason=class_check action=maybe_recompile pc=0x00000000050a6ee8 method=com.intellij.util.text.ByteArrayCharSequence.toBytesIfPossible(Ljava/lang/CharSequence;)[B @ 16
Event: 145.408 Thread 0x0000000019833800 Uncommon trap: reason=class_check action=maybe_recompile pc=0x00000000050a6ee8 method=com.intellij.util.text.ByteArrayCharSequence.toBytesIfPossible(Ljava/lang/CharSequence;)[B @ 16
Event: 145.906 Thread 0x0000000019833800 Uncommon trap: reason=unstable_if action=reinterpret pc=0x00000000052878dc method=gnu.trove.TObjectHash.insertionIndex(Ljava/lang/Object;)I @ 80
Event: 146.413 Thread 0x0000000019833800 Uncommon trap: reason=class_check action=maybe_recompile pc=0x00000000050a6ee8 method=com.intellij.util.text.ByteArrayCharSequence.toBytesIfPossible(Ljava/lang/CharSequence;)[B @ 16
Event: 148.158 Thread 0x0000000019833800 Uncommon trap: reason=unstable_if action=reinterpret pc=0x00000000053d1274 method=org.objectweb.asm.tree.MethodNode.getLabelNodes([Ljava/lang/Object;)[Ljava/lang/Object; @ 24
Event: 148.161 Thread 0x0000000019833800 Uncommon trap: reason=unstable_if action=reinterpret pc=0x000000000536fee0 method=org.objectweb.asm.ClassReader.readUTF(II[C)Ljava/lang/String; @ 77

Classes redefined (0 events):
No events

Internal exceptions (10 events):
Event: 144.802 Thread 0x0000000019833800 Exception <a 'java/lang/NoSuchMethodError': java.lang.Object.lambda$static$0(I)[Lcom/intellij/psi/PsiClassInitializer;> (0x00000000f7619030) thrown at [C:\re\workspace\8-2-build-windows-amd64-cygwin\jdk8u191\11896\hotspot\src\share\vm\interpreter\linkReso
Event: 144.805 Thread 0x0000000019833800 Exception <a 'java/lang/NoSuchMethodError': java.lang.Object.lambda$static$0(I)[Lcom/intellij/psi/PsiMethod;> (0x00000000f7622428) thrown at [C:\re\workspace\8-2-build-windows-amd64-cygwin\jdk8u191\11896\hotspot\src\share\vm\interpreter\linkResolver.cpp, 
Event: 144.951 Thread 0x0000000019833800 Exception <a 'java/lang/NoSuchMethodError': java.lang.Object.lambda$static$0(I)[Lcom/intellij/psi/PsiParameter;> (0x00000000f7761b50) thrown at [C:\re\workspace\8-2-build-windows-amd64-cygwin\jdk8u191\11896\hotspot\src\share\vm\interpreter\linkResolver.cp
Event: 144.999 Thread 0x0000000019833800 Exception <a 'java/lang/NoSuchMethodError': java.lang.Object.lambda$static$0(I)[Lcom/intellij/psi/PsiStatement;> (0x00000000f783ab78) thrown at [C:\re\workspace\8-2-build-windows-amd64-cygwin\jdk8u191\11896\hotspot\src\share\vm\interpreter\linkResolver.cp
Event: 145.041 Thread 0x0000000019833800 Exception <a 'java/lang/NoSuchMethodError': java.lang.Object.lambda$static$0(I)[Lcom/intellij/psi/PsiExpression;> (0x00000000f7906ee8) thrown at [C:\re\workspace\8-2-build-windows-amd64-cygwin\jdk8u191\11896\hotspot\src\share\vm\interpreter\linkResolver.c
Event: 145.041 Thread 0x0000000019833800 Exception <a 'java/lang/NoSuchMethodError': java.lang.Object.lambda$static$1(Lcom/intellij/psi/PsiExpression;)Lcom/intellij/psi/PsiType;> (0x00000000f790a260) thrown at [C:\re\workspace\8-2-build-windows-amd64-cygwin\jdk8u191\11896\hotspot\src\share\vm\in
Event: 145.168 Thread 0x0000000019833800 Exception <a 'java/lang/NoSuchMethodError': java.lang.Object.lambda$static$0(I)[Lcom/intellij/psi/PsiNameValuePair;> (0x00000000f7a4bd68) thrown at [C:\re\workspace\8-2-build-windows-amd64-cygwin\jdk8u191\11896\hotspot\src\share\vm\interpreter\linkResolve
Event: 145.366 Thread 0x0000000019833800 Exception <a 'java/lang/NoSuchMethodError': java.lang.Object.lambda$static$0(I)[Lcom/intellij/psi/PsiJavaCodeReferenceElement;> (0x00000000f7cda1f0) thrown at [C:\re\workspace\8-2-build-windows-amd64-cygwin\jdk8u191\11896\hotspot\src\share\vm\interpreter\
Event: 145.381 Thread 0x0000000019833800 Exception <a 'java/lang/NoSuchMethodError': java.lang.Object.lambda$static$0(I)[Lcom/intellij/psi/PsiTypeParameter;> (0x00000000f7d3b348) thrown at [C:\re\workspace\8-2-build-windows-amd64-cygwin\jdk8u191\11896\hotspot\src\share\vm\interpreter\linkResolve
Event: 146.398 Thread 0x0000000019833800 Exception <a 'java/lang/NoSuchMethodError': java.lang.Object.lambda$static$0(I)[Lcom/intellij/psi/PsiCatchSection;> (0x00000000f89bb9b0) thrown at [C:\re\workspace\8-2-build-windows-amd64-cygwin\jdk8u191\11896\hotspot\src\share\vm\interpreter\linkResolver

Events (10 events):
Event: 148.240 Thread 0x0000000019833800 DEOPT PACKING pc=0x00000000053a47bf sp=0x0000000014c9ae80
Event: 148.240 Thread 0x0000000019833800 DEOPT UNPACKING pc=0x0000000002417890 sp=0x0000000014c9ab98 mode 0
Event: 148.242 Thread 0x0000000019833800 DEOPT PACKING pc=0x00000000053a47bf sp=0x0000000014c9ae80
Event: 148.242 Thread 0x0000000019833800 DEOPT UNPACKING pc=0x0000000002417890 sp=0x0000000014c9ab98 mode 0
Event: 148.245 Thread 0x0000000019833800 DEOPT PACKING pc=0x00000000053a47bf sp=0x0000000014c9ae80
Event: 148.245 Thread 0x0000000019833800 DEOPT UNPACKING pc=0x0000000002417890 sp=0x0000000014c9ab98 mode 0
Event: 148.248 Thread 0x0000000019833800 DEOPT PACKING pc=0x00000000053a47bf sp=0x0000000014c9ae80
Event: 148.248 Thread 0x0000000019833800 DEOPT UNPACKING pc=0x0000000002417890 sp=0x0000000014c9ab98 mode 0
Event: 148.251 loading class com/android/tools/lint/client/api/LintDriver$checkBuildScripts$1
Event: 148.251 loading class com/android/tools/lint/client/api/LintDriver$checkBuildScripts$1 done


Dynamic libraries:
0x00007ff631580000 - 0x00007ff6315b7000 	C:\Program Files\Java\jdk1.8.0_191\bin\java.exe
0x00007ffe76150000 - 0x00007ffe76346000 	C:\WINDOWS\SYSTEM32\ntdll.dll
0x00007ffe74740000 - 0x00007ffe747fd000 	C:\WINDOWS\System32\KERNEL32.DLL
0x00007ffe73cd0000 - 0x00007ffe73f99000 	C:\WINDOWS\System32\KERNELBASE.dll
0x00007ffe75eb0000 - 0x00007ffe75f5c000 	C:\WINDOWS\System32\ADVAPI32.dll
0x00007ffe75370000 - 0x00007ffe7540e000 	C:\WINDOWS\System32\msvcrt.dll
0x00007ffe75990000 - 0x00007ffe75a2c000 	C:\WINDOWS\System32\sechost.dll
0x00007ffe75be0000 - 0x00007ffe75d0b000 	C:\WINDOWS\System32\RPCRT4.dll
0x00007ffe75080000 - 0x00007ffe75220000 	C:\WINDOWS\System32\USER32.dll
0x00007ffe74180000 - 0x00007ffe741a2000 	C:\WINDOWS\System32\win32u.dll
0x00007ffe75230000 - 0x00007ffe7525a000 	C:\WINDOWS\System32\GDI32.dll
0x00007ffe73890000 - 0x00007ffe73999000 	C:\WINDOWS\System32\gdi32full.dll
0x00007ffe73c30000 - 0x00007ffe73ccd000 	C:\WINDOWS\System32\msvcp_win.dll
0x00007ffe739d0000 - 0x00007ffe73ad0000 	C:\WINDOWS\System32\ucrtbase.dll
0x00007ffe63470000 - 0x00007ffe6370b000 	C:\WINDOWS\WinSxS\amd64_microsoft.windows.common-controls_6595b64144ccf1df_6.0.19041.488_none_ca04af081b815d21\COMCTL32.dll
0x00007ffe75260000 - 0x00007ffe75290000 	C:\WINDOWS\System32\IMM32.DLL
0x0000000056ff0000 - 0x00000000570c2000 	C:\Program Files\Java\jdk1.8.0_191\jre\bin\msvcr100.dll
0x0000000056740000 - 0x0000000056fe4000 	C:\Program Files\Java\jdk1.8.0_191\jre\bin\server\jvm.dll
0x00007ffe74290000 - 0x00007ffe74298000 	C:\WINDOWS\System32\PSAPI.DLL
0x00007ffe62e10000 - 0x00007ffe62e19000 	C:\WINDOWS\SYSTEM32\WSOCK32.dll
0x00007ffe76010000 - 0x00007ffe7607b000 	C:\WINDOWS\System32\WS2_32.dll
0x00007ffe65590000 - 0x00007ffe655b7000 	C:\WINDOWS\SYSTEM32\WINMM.dll
0x00007ffe6a6e0000 - 0x00007ffe6a6ea000 	C:\WINDOWS\SYSTEM32\VERSION.dll
0x0000000056730000 - 0x000000005673f000 	C:\Program Files\Java\jdk1.8.0_191\jre\bin\verify.dll
0x0000000056700000 - 0x0000000056729000 	C:\Program Files\Java\jdk1.8.0_191\jre\bin\java.dll
0x00000000566e0000 - 0x00000000566f6000 	C:\Program Files\Java\jdk1.8.0_191\jre\bin\zip.dll
0x00007ffe74930000 - 0x00007ffe75072000 	C:\WINDOWS\System32\SHELL32.dll
0x00007ffe715d0000 - 0x00007ffe71d65000 	C:\WINDOWS\SYSTEM32\windows.storage.dll
0x00007ffe74300000 - 0x00007ffe74656000 	C:\WINDOWS\System32\combase.dll
0x00007ffe73300000 - 0x00007ffe7332c000 	C:\WINDOWS\SYSTEM32\Wldp.dll
0x00007ffe75f60000 - 0x00007ffe7600e000 	C:\WINDOWS\System32\SHCORE.dll
0x00007ffe742a0000 - 0x00007ffe742f5000 	C:\WINDOWS\System32\shlwapi.dll
0x00007ffe737c0000 - 0x00007ffe737e6000 	C:\WINDOWS\SYSTEM32\profapi.dll
0x00000000566c0000 - 0x00000000566da000 	C:\Program Files\Java\jdk1.8.0_191\jre\bin\net.dll
0x00007ffe73080000 - 0x00007ffe730ea000 	C:\WINDOWS\system32\mswsock.dll
0x00000000566a0000 - 0x00000000566b1000 	C:\Program Files\Java\jdk1.8.0_191\jre\bin\nio.dll
0x00007ffe69e90000 - 0x00007ffe69eba000 	C:\Users\Mohamad\.gradle\native\36\windows-amd64\native-platform.dll
0x0000000056690000 - 0x000000005669d000 	C:\Program Files\Java\jdk1.8.0_191\jre\bin\management.dll
0x00007ffe73250000 - 0x00007ffe73268000 	C:\WINDOWS\SYSTEM32\CRYPTSP.dll
0x00007ffe72940000 - 0x00007ffe72974000 	C:\WINDOWS\system32\rsaenh.dll
0x00007ffe739a0000 - 0x00007ffe739c7000 	C:\WINDOWS\System32\bcrypt.dll
0x00007ffe73740000 - 0x00007ffe7376e000 	C:\WINDOWS\SYSTEM32\USERENV.dll
0x00007ffe74050000 - 0x00007ffe740d0000 	C:\WINDOWS\System32\bcryptprimitives.dll
0x00007ffe73270000 - 0x00007ffe7327c000 	C:\WINDOWS\SYSTEM32\CRYPTBASE.dll
0x00007ffe72d20000 - 0x00007ffe72d5b000 	C:\WINDOWS\SYSTEM32\IPHLPAPI.DLL
0x00007ffe741b0000 - 0x00007ffe741b8000 	C:\WINDOWS\System32\NSI.dll
0x00007ffe71440000 - 0x00007ffe71457000 	C:\WINDOWS\SYSTEM32\dhcpcsvc6.DLL
0x00007ffe71420000 - 0x00007ffe7143d000 	C:\WINDOWS\SYSTEM32\dhcpcsvc.DLL
0x00007ffe72d70000 - 0x00007ffe72e3b000 	C:\WINDOWS\SYSTEM32\DNSAPI.dll
0x00007ffe725d0000 - 0x00007ffe72603000 	C:\WINDOWS\SYSTEM32\ntmarta.dll

VM Arguments:
jvm_args: -XX:MaxMetaspaceSize=256m -XX:+HeapDumpOnOutOfMemoryError -Xms256m -Xmx512m -Dfile.encoding=windows-1256 -Duser.country=US -Duser.language=en -Duser.variant 
java_command: org.gradle.launcher.daemon.bootstrap.GradleDaemon 6.2
java_class_path (initial): C:\Users\Mohamad\.gradle\wrapper\dists\gradle-6.2-all\dvufqs6kielxeao781pmk5huj\gradle-6.2\lib\gradle-launcher-6.2.jar
Launcher Type: SUN_STANDARD

Environment Variables:
JAVA_HOME=C:\Program Files\Java\jdk1.8.0_191
JRE_HOME=C:\Program Files\Java\jre1.8.0_161
CLASSPATH=D:\Fudex\projects\FoodApp\android\\gradle\wrapper\gradle-wrapper.jar
PATH=C:\Python39\Scripts\;C:\Python39\;C:\Program Files (x86)\Common Files\Oracle\Java\javapath;C:\Program Files (x86)\Common Files\Intel\Shared Libraries\redist\intel64\compiler;C:\Python27\;C:\Python27\Scripts;C:\ProgramData\Oracle\Java\javapath;C:\WINDOWS\system32;C:\WINDOWS;C:\WINDOWS\System32\Wbem;C:\WINDOWS\System32\WindowsPowerShell\v1.0\;C:\Program Files (x86)\GtkSharp\2.12\bin;C:\Program Files\Java\jre1.8.0_161\bin;C:\Program Files\Java\jdk1.8.0_161\bin;C:\OpenSSL-Win64\bin;C:\WINDOWS\System32\OpenSSH\;C:\Program Files (x86)\QuickTime\QTSystem\;C:\ProgramData\chocolatey\bin;C:\Program Files\Java\jdk1.8.0_191\bin;C:\Users\Mohamad\AppData\Local\Android\Sdk\platform-tools;C:\Program Files\PuTTY\;C:\Program Files\TortoiseSVN\bin;C:\Program Files\Git\cmd;C:\Program Files (x86)\Yarn\bin\;C:\Program Files\nodejs\;C:\Program Files\dotnet\;C:\Users\Mohamad\AppData\Local\Microsoft\WindowsApps;C:\Users\Mohamad\AppData\Local\atom\bin;C:\Users\Mohamad\AppData\Local\GitHubDesktop\bin;C:\Users\Mohamad\AppData\Local\Microsoft\WindowsApps;D:\Programs\Microsoft VS Code\bin;C:\Users\Mohamad\AppData\Local\Yarn\bin;C:\Users\Mohamad\AppData\Roaming\npm;C:\Users\Mohamad\AppData\Local\watchman;C:\Users\Mohamad\.dotnet\tools
USERNAME=Mohamad
OS=Windows_NT
PROCESSOR_IDENTIFIER=Intel64 Family 6 Model 142 Stepping 9, GenuineIntel



---------------  S Y S T E M  ---------------

OS: Windows 10.0 , 64 bit Build 19041 (10.0.19041.662)

CPU:total 4 (initial active 4) (2 cores per cpu, 2 threads per core) family 6 model 142 stepping 9, cmov, cx8, fxsr, mmx, sse, sse2, sse3, ssse3, sse4.1, sse4.2, popcnt, avx, avx2, aes, clmul, erms, 3dnowpref, lzcnt, ht, tsc, tscinvbit, bmi1, bmi2, adx

Memory: 4k page, physical 8302504k(343100k free), swap 15235816k(5216k free)

vm_info: Java HotSpot(TM) 64-Bit Server VM (25.191-b12) for windows-amd64 JRE (1.8.0_191-b12), built on Oct  6 2018 09:29:03 by "java_re" with MS VC++ 10.0 (VS2010)

time: Mon Jan 25 12:45:46 2021
elapsed time: 150 seconds (0d 0h 2m 30s)

